Base path: C:/Program Files (x86)/Unity/Editor/Data
Pipe name: \\.\pipe\UnityShaderCompiler-1-3776
Cmd: getPlatforms
Cmd: compileSnippet
  api=4 type=0 insize=5341 outsize=3500 kw=DIRECTIONAL SHADOWS_SCREEN LIGHTMAP_OFF DIRLIGHTMAP_OFF ok=1
Cmd: compileSnippet
  api=4 type=1 insize=5341 outsize=2444 kw=DIRECTIONAL SHADOWS_SCREEN LIGHTMAP_OFF DIRLIGHTMAP_OFF ok=1
Cmd: compileSnippet
  api=4 type=0 insize=5351 outsize=3500 kw=DIRECTIONAL SHADOWS_SCREEN LIGHTMAP_OFF DIRLIGHTMAP_OFF ok=1
Cmd: compileSnippet
  api=4 type=1 insize=5351 outsize=2444 kw=DIRECTIONAL SHADOWS_SCREEN LIGHTMAP_OFF DIRLIGHTMAP_OFF ok=1
Cmd: compileSnippet
  api=4 type=0 insize=6332 outsize=6035 kw=DIRECTIONAL SHADOWS_SCREEN LIGHTMAP_OFF DIRLIGHTMAP_OFF ok=1
Cmd: compileSnippet
  api=4 type=1 insize=6332 outsize=4605 kw=DIRECTIONAL SHADOWS_SCREEN LIGHTMAP_OFF DIRLIGHTMAP_OFF ok=1
Cmd: compileSnippet
  api=4 type=0 insize=5553 outsize=4370 kw=DIRECTIONAL SHADOWS_SCREEN LIGHTMAP_OFF DIRLIGHTMAP_OFF ok=1
Cmd: compileSnippet
  api=4 type=1 insize=5553 outsize=3362 kw=DIRECTIONAL SHADOWS_SCREEN LIGHTMAP_OFF DIRLIGHTMAP_OFF ok=1
Cmd: preprocess
  insize=2611 outsize=856 ok=1
Cmd: preprocess
  insize=9827 outsize=9827 ok=1
Cmd: preprocess
  insize=2248 outsize=2248 ok=1
Cmd: preprocess
  insize=2429 outsize=886 ok=1
Cmd: preprocess
  insize=905 outsize=905 ok=1
Cmd: preprocess
  insize=2144 outsize=1906 ok=1
Cmd: preprocess
  insize=4962 outsize=4663 ok=1
Cmd: preprocess
  insize=648 outsize=1297 ok=1
Cmd: preprocess
  insize=596 outsize=596 ok=1
Cmd: preprocess
  insize=2628 outsize=2628 ok=1
Cmd: preprocess
  insize=9948 outsize=9948 ok=1
Cmd: preprocess
  insize=3430 outsize=3430 ok=1
Cmd: preprocess
  insize=596 outsize=596 ok=1
Cmd: preprocess
  insize=1290 outsize=1290 ok=1
Cmd: preprocess
  insize=634 outsize=634 ok=1
